<?xml version="1.0" encoding="UTF-8"?>
<testng-results ignored="0" total="1" passed="1" failed="0" skipped="0">
  <reporter-output>
  </reporter-output>
  <suite started-at="2023-12-17T16:05:34 WET" name="Default suite" finished-at="2023-12-17T16:05:48 WET" duration-ms="14153">
    <groups>
    </groups>
    <test started-at="2023-12-17T16:05:34 WET" name="Default test" finished-at="2023-12-17T16:05:48 WET" duration-ms="14153">
      <class name="alinechallenge.AppiumBasics">
        <test-method is-config="true" signature="ConfigureAppium()[pri:0, instance:alinechallenge.AppiumBasics@611889f4]" started-at="2023-12-17T16:05:34 WET" name="ConfigureAppium" finished-at="2023-12-17T16:05:46 WET" duration-ms="11891" status="PASS">
          <reporter-output>
          </reporter-output>
        </test-method> <!-- ConfigureAppium -->
        <test-method signature="AppiumTest()[pri:0, instance:alinechallenge.AppiumBasics@611889f4]" started-at="2023-12-17T16:05:46 WET" name="AppiumTest" finished-at="2023-12-17T16:05:48 WET" duration-ms="2241" status="PASS">
          <reporter-output>
          </reporter-output>
        </test-method> <!-- AppiumTest -->
        <test-method is-config="true" signature="tearDown()[pri:0, instance:alinechallenge.AppiumBasics@611889f4]" started-at="2023-12-17T16:05:48 WET" name="tearDown" finished-at="2023-12-17T16:05:48 WET" duration-ms="0" status="PASS">
          <reporter-output>
          </reporter-output>
        </test-method> <!-- tearDown -->
      </class> <!-- alinechallenge.AppiumBasics -->
    </test> <!-- Default test -->
  </suite> <!-- Default suite -->
</testng-results>
